[17:58:47] [Server thread/INFO]: Starting minecraft server version 1.8.8
[17:58:47] [Server thread/INFO]: Loading properties
[17:58:47] [Server thread/INFO]: Default game type: SURVIVAL
[17:58:48] [Server thread/INFO]: This server is running CraftBukkit version git-Spigot-db6de12-18fbb24 (MC: 1.8.8) (Implementing API version 1.8.8-R0.1-SNAPSHOT)
[17:58:48] [Server thread/INFO]: Unable to find file banned-players.json, creating it.
[17:58:48] [Server thread/INFO]: Unable to find file banned-ips.json, creating it.
[17:58:48] [Server thread/INFO]: Unable to find file ops.json, creating it.
[17:58:48] [Server thread/INFO]: Unable to find file whitelist.json, creating it.
[17:58:48] [Server thread/INFO]: Server Ping Player Sample Count: 12
[17:58:48] [Server thread/INFO]: Using 4 threads for Netty based IO
[17:58:48] [Server thread/INFO]: Debug logging is disabled
[17:58:48] [Server thread/INFO]: Generating keypair
[17:58:48] [Server thread/INFO]: Starting Minecraft server on *:25565
[17:58:48] [Server thread/INFO]: Using epoll channel type
[17:58:48] [Server thread/INFO]: **** Beginning UUID conversion, this may take A LONG time ****
[17:58:48] [Server thread/INFO]: Preparing level "world"
[17:58:48] [Server thread/INFO]: -------- World Settings For [world] --------
[17:58:48] [Server thread/INFO]: Anti X-Ray: true
[17:58:48] [Server thread/INFO]: 	Engine Mode: 1
[17:58:48] [Server thread/INFO]: 	Hidden Blocks: [14, 15, 16, 21, 48, 49, 54, 56, 73, 74, 82, 129, 130]
[17:58:48] [Server thread/INFO]: 	Replace Blocks: [1, 5]
[17:58:48] [Server thread/INFO]: Nerfing mobs spawned from spawners: false
[17:58:48] [Server thread/INFO]: Cactus Growth Modifier: 100%
[17:58:48] [Server thread/INFO]: Cane Growth Modifier: 100%
[17:58:48] [Server thread/INFO]: Melon Growth Modifier: 100%
[17:58:48] [Server thread/INFO]: Mushroom Growth Modifier: 100%
[17:58:48] [Server thread/INFO]: Pumpkin Growth Modifier: 100%
[17:58:48] [Server thread/INFO]: Sapling Growth Modifier: 100%
[17:58:48] [Server thread/INFO]: Wheat Growth Modifier: 100%
[17:58:48] [Server thread/INFO]: NetherWart Growth Modifier: 100%
[17:58:48] [Server thread/INFO]: Entity Activation Range: An 32 / Mo 32 / Mi 16
[17:58:48] [Server thread/INFO]: Entity Tracking Range: Pl 48 / An 48 / Mo 48 / Mi 32 / Other 64
[17:58:48] [Server thread/INFO]: Hopper Transfer: 8 Hopper Check: 8 Hopper Amount: 1
[17:58:48] [Server thread/INFO]: Mob Spawn Range: 4
[17:58:48] [Server thread/INFO]: Random Lighting Updates: false
[17:58:48] [Server thread/INFO]: Structure Info Saving: true
[17:58:48] [Server thread/INFO]: Sending up to 10 chunks per packet
[17:58:48] [Server thread/INFO]: Max Entity Collisions: 8
[17:58:48] [Server thread/INFO]: Custom Map Seeds:  Village: 10387312 Feature: 14357617
[17:58:48] [Server thread/INFO]: Max TNT Explosions: 100
[17:58:48] [Server thread/INFO]: Tile Max Tick Time: 50ms Entity max Tick Time: 50ms
[17:58:48] [Server thread/INFO]: Item Despawn Rate: 6000
[17:58:48] [Server thread/INFO]: Item Merge Radius: 2.5
[17:58:48] [Server thread/INFO]: Arrow Despawn Rate: 1200
[17:58:48] [Server thread/INFO]: Allow Zombie Pigmen to spawn from portal blocks: true
[17:58:48] [Server thread/INFO]: View Distance: 10
[17:58:48] [Server thread/INFO]: Zombie Aggressive Towards Villager: true
[17:58:48] [Server thread/INFO]: Chunks to Grow per Tick: 650
[17:58:48] [Server thread/INFO]: Clear tick list: false
[17:58:48] [Server thread/INFO]: Experience Merge Radius: 3.0
[17:58:49] [Server thread/INFO]: -------- World Settings For [world_nether] --------
[17:58:49] [Server thread/INFO]: Anti X-Ray: true
[17:58:49] [Server thread/INFO]: 	Engine Mode: 1
[17:58:49] [Server thread/INFO]: 	Hidden Blocks: [14, 15, 16, 21, 48, 49, 54, 56, 73, 74, 82, 129, 130]
[17:58:49] [Server thread/INFO]: 	Replace Blocks: [1, 5]
[17:58:49] [Server thread/INFO]: Nerfing mobs spawned from spawners: false
[17:58:49] [Server thread/INFO]: Cactus Growth Modifier: 100%
[17:58:49] [Server thread/INFO]: Cane Growth Modifier: 100%
[17:58:49] [Server thread/INFO]: Melon Growth Modifier: 100%
[17:58:49] [Server thread/INFO]: Mushroom Growth Modifier: 100%
[17:58:49] [Server thread/INFO]: Pumpkin Growth Modifier: 100%
[17:58:49] [Server thread/INFO]: Sapling Growth Modifier: 100%
[17:58:49] [Server thread/INFO]: Wheat Growth Modifier: 100%
[17:58:49] [Server thread/INFO]: NetherWart Growth Modifier: 100%
[17:58:49] [Server thread/INFO]: Entity Activation Range: An 32 / Mo 32 / Mi 16
[17:58:49] [Server thread/INFO]: Entity Tracking Range: Pl 48 / An 48 / Mo 48 / Mi 32 / Other 64
[17:58:49] [Server thread/INFO]: Hopper Transfer: 8 Hopper Check: 8 Hopper Amount: 1
[17:58:49] [Server thread/INFO]: Mob Spawn Range: 4
[17:58:49] [Server thread/INFO]: Random Lighting Updates: false
[17:58:49] [Server thread/INFO]: Structure Info Saving: true
[17:58:49] [Server thread/INFO]: Sending up to 10 chunks per packet
[17:58:49] [Server thread/INFO]: Max Entity Collisions: 8
[17:58:49] [Server thread/INFO]: Custom Map Seeds:  Village: 10387312 Feature: 14357617
[17:58:49] [Server thread/INFO]: Max TNT Explosions: 100
[17:58:49] [Server thread/INFO]: Tile Max Tick Time: 50ms Entity max Tick Time: 50ms
[17:58:49] [Server thread/INFO]: Item Despawn Rate: 6000
[17:58:49] [Server thread/INFO]: Item Merge Radius: 2.5
[17:58:49] [Server thread/INFO]: Arrow Despawn Rate: 1200
[17:58:49] [Server thread/INFO]: Allow Zombie Pigmen to spawn from portal blocks: true
[17:58:49] [Server thread/INFO]: View Distance: 10
[17:58:49] [Server thread/INFO]: Zombie Aggressive Towards Villager: true
[17:58:49] [Server thread/INFO]: Chunks to Grow per Tick: 650
[17:58:49] [Server thread/INFO]: Clear tick list: false
[17:58:49] [Server thread/INFO]: Experience Merge Radius: 3.0
[17:58:49] [Server thread/INFO]: -------- World Settings For [world_the_end] --------
[17:58:49] [Server thread/INFO]: Anti X-Ray: true
[17:58:49] [Server thread/INFO]: 	Engine Mode: 1
[17:58:49] [Server thread/INFO]: 	Hidden Blocks: [14, 15, 16, 21, 48, 49, 54, 56, 73, 74, 82, 129, 130]
[17:58:49] [Server thread/INFO]: 	Replace Blocks: [1, 5]
[17:58:49] [Server thread/INFO]: Nerfing mobs spawned from spawners: false
[17:58:49] [Server thread/INFO]: Cactus Growth Modifier: 100%
[17:58:49] [Server thread/INFO]: Cane Growth Modifier: 100%
[17:58:49] [Server thread/INFO]: Melon Growth Modifier: 100%
[17:58:49] [Server thread/INFO]: Mushroom Growth Modifier: 100%
[17:58:49] [Server thread/INFO]: Pumpkin Growth Modifier: 100%
[17:58:49] [Server thread/INFO]: Sapling Growth Modifier: 100%
[17:58:49] [Server thread/INFO]: Wheat Growth Modifier: 100%
[17:58:49] [Server thread/INFO]: NetherWart Growth Modifier: 100%
[17:58:49] [Server thread/INFO]: Entity Activation Range: An 32 / Mo 32 / Mi 16
[17:58:49] [Server thread/INFO]: Entity Tracking Range: Pl 48 / An 48 / Mo 48 / Mi 32 / Other 64
[17:58:49] [Server thread/INFO]: Hopper Transfer: 8 Hopper Check: 8 Hopper Amount: 1
[17:58:49] [Server thread/INFO]: Mob Spawn Range: 4
[17:58:49] [Server thread/INFO]: Random Lighting Updates: false
[17:58:49] [Server thread/INFO]: Structure Info Saving: true
[17:58:49] [Server thread/INFO]: Sending up to 10 chunks per packet
[17:58:49] [Server thread/INFO]: Max Entity Collisions: 8
[17:58:49] [Server thread/INFO]: Custom Map Seeds:  Village: 10387312 Feature: 14357617
[17:58:49] [Server thread/INFO]: Max TNT Explosions: 100
[17:58:49] [Server thread/INFO]: Tile Max Tick Time: 50ms Entity max Tick Time: 50ms
[17:58:49] [Server thread/INFO]: Item Despawn Rate: 6000
[17:58:49] [Server thread/INFO]: Item Merge Radius: 2.5
[17:58:49] [Server thread/INFO]: Arrow Despawn Rate: 1200
[17:58:49] [Server thread/INFO]: Allow Zombie Pigmen to spawn from portal blocks: true
[17:58:49] [Server thread/INFO]: View Distance: 10
[17:58:49] [Server thread/INFO]: Zombie Aggressive Towards Villager: true
[17:58:49] [Server thread/INFO]: Chunks to Grow per Tick: 650
[17:58:49] [Server thread/INFO]: Clear tick list: false
[17:58:49] [Server thread/INFO]: Experience Merge Radius: 3.0
[17:58:49] [Server thread/INFO]: Preparing start region for level 0 (Seed: 7794546037264409301)
[17:58:50] [Server thread/INFO]: Preparing spawn area: 4%
[17:58:51] [Server thread/INFO]: Preparing spawn area: 7%
[17:58:52] [Server thread/INFO]: Preparing spawn area: 9%
[17:58:53] [Server thread/INFO]: Preparing spawn area: 12%
[17:58:54] [Server thread/INFO]: Preparing spawn area: 16%
[17:58:55] [Server thread/INFO]: Preparing spawn area: 20%
[17:58:56] [Server thread/INFO]: Preparing spawn area: 28%
[17:58:57] [Server thread/INFO]: Preparing spawn area: 37%
[17:58:58] [Server thread/INFO]: Preparing spawn area: 46%
[17:58:59] [Server thread/INFO]: Preparing spawn area: 55%
[17:59:00] [Server thread/INFO]: Preparing spawn area: 61%
[17:59:01] [Server thread/INFO]: Preparing spawn area: 67%
[17:59:02] [Server thread/INFO]: Preparing spawn area: 73%
[17:59:03] [Server thread/INFO]: Preparing spawn area: 80%
[17:59:04] [Server thread/INFO]: Preparing spawn area: 88%
[17:59:05] [Server thread/INFO]: Preparing spawn area: 96%
[17:59:06] [Server thread/INFO]: Preparing start region for level 1 (Seed: 7794546037264409301)
[17:59:07] [Server thread/INFO]: Preparing spawn area: 8%
[17:59:08] [Server thread/INFO]: Preparing spawn area: 16%
[17:59:09] [Server thread/INFO]: Preparing spawn area: 28%
[17:59:10] [Server thread/INFO]: Preparing spawn area: 40%
[17:59:11] [Server thread/INFO]: Preparing spawn area: 55%
[17:59:12] [Server thread/INFO]: Preparing spawn area: 63%
[17:59:13] [Server thread/INFO]: Preparing spawn area: 81%
[17:59:14] [Server thread/INFO]: Preparing spawn area: 94%
[17:59:14] [Server thread/INFO]: Preparing start region for level 2 (Seed: 7794546037264409301)
[17:59:15] [Server thread/INFO]: Preparing spawn area: 35%
[17:59:16] [Server thread/INFO]: Preparing spawn area: 69%
[17:59:17] [Server thread/INFO]: Done (29,028s)! For help, type "help" or "?"
[18:01:45] [User Authenticator #1/INFO]: UUID of player jojoa is 6dbaef2f-ee14-4749-831d-decbccb5a5e5
[18:01:45] [Server thread/INFO]: jojoa[/192.168.178.114:60110] logged in with entity id 2566 at ([world]-101.5, 68.0, 261.5)
[18:01:48] [Server thread/INFO]: jojoa lost connection: Disconnected
[18:01:48] [Server thread/INFO]: jojoa left the game.
[18:02:14] [User Authenticator #2/INFO]: UUID of player jojoa is 6dbaef2f-ee14-4749-831d-decbccb5a5e5
[18:02:14] [Server thread/INFO]: jojoa[/88.78.39.7:60143] logged in with entity id 2998 at ([world]-101.5, 68.0, 261.5)
[18:02:19] [Server thread/INFO]: jojoa lost connection: Disconnected
[18:02:19] [Server thread/INFO]: jojoa left the game.
[18:33:16] [Server thread/INFO]: Turned on the whitelist
[18:33:26] [Server thread/INFO]: Added jojoa to the whitelist
[18:36:31] [Thread-4/INFO]: Stopping server
[18:36:31] [Thread-4/INFO]: Saving players
[18:36:31] [Server console handler/ERROR]: Exception handling console input
java.io.IOException: Eingabe-/Ausgabefehler
	at java.io.FileInputStream.readBytes(Native Method) ~[?:1.7.0_95]
	at java.io.FileInputStream.read(FileInputStream.java:272) ~[?:1.7.0_95]
	at java.io.BufferedInputStream.fill(BufferedInputStream.java:235) ~[?:1.7.0_95]
	at java.io.BufferedInputStream.read(BufferedInputStream.java:254) ~[?:1.7.0_95]
	at org.bukkit.craftbukkit.libs.jline.internal.NonBlockingInputStream.read(NonBlockingInputStream.java:169) ~[spigot.jar:git-Spigot-db6de12-18fbb24]
	at org.bukkit.craftbukkit.libs.jline.internal.NonBlockingInputStream.read(NonBlockingInputStream.java:137) ~[spigot.jar:git-Spigot-db6de12-18fbb24]
	at org.bukkit.craftbukkit.libs.jline.internal.NonBlockingInputStream.read(NonBlockingInputStream.java:246) ~[spigot.jar:git-Spigot-db6de12-18fbb24]
	at org.bukkit.craftbukkit.libs.jline.internal.InputStreamReader.read(InputStreamReader.java:261) ~[spigot.jar:git-Spigot-db6de12-18fbb24]
	at org.bukkit.craftbukkit.libs.jline.internal.InputStreamReader.read(InputStreamReader.java:198) ~[spigot.jar:git-Spigot-db6de12-18fbb24]
	at org.bukkit.craftbukkit.libs.jline.console.ConsoleReader.readCharacter(ConsoleReader.java:2145) ~[spigot.jar:git-Spigot-db6de12-18fbb24]
	at org.bukkit.craftbukkit.libs.jline.console.ConsoleReader.readLine(ConsoleReader.java:2349) ~[spigot.jar:git-Spigot-db6de12-18fbb24]
	at net.minecraft.server.v1_8_R3.DedicatedServer$2.run(DedicatedServer.java:79) [spigot.jar:git-Spigot-db6de12-18fbb24]
